#! /usr/bin/vvp
:ivl_version "10.3 (stable)";
:ivl_delay_selection "TYPICAL";
:vpi_time_precision + 0;
:vpi_module "system";
:vpi_module "vhdl_sys";
:vpi_module "v2005_math";
:vpi_module "va_math";
S_0x56526b4a6180 .scope module, "BitonicSortScalable" "BitonicSortScalable" 2 16;
 .timescale 0 0;
    .port_info 0 /INPUT 1 "clk"
    .port_info 1 /INPUT 1 "rst_n"
    .port_info 2 /INPUT 1 "en_i"
    .port_info 3 /INPUT 512 "in"
    .port_info 4 /OUTPUT 1 "done_o"
    .port_info 5 /OUTPUT 512 "out"
P_0x56526b53e200 .param/l "BITWIDTH" 0 2 16, +C4<00000000000000000000000000001000>;
P_0x56526b53e240 .param/l "DONE" 1 2 29, C4<011>;
P_0x56526b53e280 .param/l "ELEMENTS" 0 2 16, +C4<00000000000000000000000001000000>;
P_0x56526b53e2c0 .param/l "IDLE" 1 2 32, C4<111>;
P_0x56526b53e300 .param/l "MERGE" 1 2 31, C4<101>;
P_0x56526b53e340 .param/l "MERGE_SETUP" 1 2 30, C4<100>;
P_0x56526b53e380 .param/l "SETUP" 1 2 27, C4<001>;
P_0x56526b53e3c0 .param/l "SORT" 1 2 28, C4<010>;
P_0x56526b53e400 .param/l "START" 1 2 26, C4<000>;
v0x56526b53e5e0_0 .var "STAGES", 6 0;
v0x56526b55e440_0 .var "STAGES_FIXED", 6 0;
o0x7f4f16ea0078 .functor BUFZ 1, C4<z>; HiZ drive
v0x56526b55e520_0 .net "clk", 0 0, o0x7f4f16ea0078;  0 drivers
v0x56526b55e5f0_0 .var "compare", 6 0;
v0x56526b55e6d0 .array "d", 7 0, 7 0;
v0x56526b55e7e0_0 .var "done_o", 0 0;
o0x7f4f16ea0108 .functor BUFZ 1, C4<z>; HiZ drive
v0x56526b55e8a0_0 .net "en_i", 0 0, o0x7f4f16ea0108;  0 drivers
v0x56526b55e960_0 .var "i_MERGE", 5 0;
o0x7f4f16ea0168 .functor BUFZ 512, C4<zzzzzzzzzzzzzzzzzzzzzzzzzzzzzzzzzzzzzzzzzzzzzzzzzzzzzzzzzzzzzzzzzzzzzzzzzzzzzzzzzzzzzzzzzzzzzzzzzzzzzzzzzzzzzzzzzzzzzzzzzzzzzzzzzzzzzzzzzzzzzzzzzzzzzzzzzzzzzzzzzzzzzzzzzzzzzzzzzzzzzzzzzzzzzzzzzzzzzzzzzzzzzzzzzzzzzzzzzzzzzzzzzzzzzzzzzzzzzzzzzzzzzzzzzzzzzzzzzzzzzzzzzzzzzzzzzzzzzzzzzzzzzzzzzzzzzzzzzzzzzzzzzzzzzzzzzzzzzzzzzzzzzzzzzzzzzzzzzzzzzzzzzzzzzzzzzzzzzzzzzzzzzzzzzzzzzzzzzzzzzzzzzzzzzzzzzzzzzzzzzzzzzzzzzzzzzzzzzzzzzzzzzzzzzzzzzzzzzzzzzzzzzzzzzzzzzzzzzzzzzzzzzzzzzzzzzzzzzzzzzzzzzzzzzzzzzzzzzzzzzzzzzzzzzzzz>; HiZ drive
v0x56526b55ea40_0 .net "in", 511 0, o0x7f4f16ea0168;  0 drivers
v0x56526b55eb20_0 .var "out", 511 0;
v0x56526b55ec00_0 .var "positive", 0 0;
o0x7f4f16ea01f8 .functor BUFZ 1, C4<z>; HiZ drive
v0x56526b55ecc0_0 .net "rst_n", 0 0, o0x7f4f16ea01f8;  0 drivers
v0x56526b55ed80_0 .var "stage", 5 0;
v0x56526b55ee60_0 .var "state", 2 0;
v0x56526b55ef40_0 .var "step", 2 0;
v0x56526b55f020_0 .var "sum", 5 0;
v0x56526b55f100_0 .var "sum_max", 5 0;
E_0x56526b4de810/0 .event negedge, v0x56526b55ecc0_0;
E_0x56526b4de810/1 .event posedge, v0x56526b55e520_0;
E_0x56526b4de810 .event/or E_0x56526b4de810/0, E_0x56526b4de810/1;
    .scope S_0x56526b4a6180;
T_0 ;
    %pushi/vec4 4, 0, 7;
    %store/vec4 v0x56526b53e5e0_0, 0, 7;
    %pushi/vec4 4, 0, 7;
    %store/vec4 v0x56526b55e440_0, 0, 7;
    %end;
    .thread T_0;
    .scope S_0x56526b4a6180;
T_1 ;
    %wait E_0x56526b4de810;
    %load/vec4 v0x56526b55ecc0_0;
    %nor/r;
    %flag_set/vec4 8;
    %jmp/0xz  T_1.0, 8;
    %pushi/vec4 0, 0, 512;
    %assign/vec4 v0x56526b55eb20_0, 0;
    %pushi/vec4 0, 0, 3;
    %assign/vec4 v0x56526b55ef40_0, 0;
    %pushi/vec4 0, 0, 1;
    %assign/vec4 v0x56526b55e7e0_0, 0;
    %pushi/vec4 0, 0, 3;
    %assign/vec4 v0x56526b55ee60_0, 0;
    %jmp T_1.1;
T_1.0 ;
    %load/vec4 v0x56526b55ee60_0;
    %dup/vec4;
    %pushi/vec4 0, 0, 3;
    %cmp/u;
    %jmp/1 T_1.2, 6;
    %dup/vec4;
    %pushi/vec4 1, 0, 3;
    %cmp/u;
    %jmp/1 T_1.3, 6;
    %dup/vec4;
    %pushi/vec4 2, 0, 3;
    %cmp/u;
    %jmp/1 T_1.4, 6;
    %dup/vec4;
    %pushi/vec4 3, 0, 3;
    %cmp/u;
    %jmp/1 T_1.5, 6;
    %dup/vec4;
    %pushi/vec4 4, 0, 3;
    %cmp/u;
    %jmp/1 T_1.6, 6;
    %dup/vec4;
    %pushi/vec4 5, 0, 3;
    %cmp/u;
    %jmp/1 T_1.7, 6;
    %dup/vec4;
    %pushi/vec4 7, 0, 3;
    %cmp/u;
    %jmp/1 T_1.8, 6;
    %pushi/vec4 0, 0, 3;
    %assign/vec4 v0x56526b55ee60_0, 0;
    %jmp T_1.10;
T_1.2 ;
    %pushi/vec4 0, 0, 3;
    %assign/vec4 v0x56526b55ef40_0, 0;
    %pushi/vec4 0, 0, 1;
    %assign/vec4 v0x56526b55e7e0_0, 0;
    %pushi/vec4 64, 0, 7;
    %assign/vec4 v0x56526b55e5f0_0, 0;
    %pushi/vec4 0, 0, 6;
    %assign/vec4 v0x56526b55e960_0, 0;
    %pushi/vec4 1, 0, 1;
    %assign/vec4 v0x56526b55ec00_0, 0;
    %pushi/vec4 8, 0, 6;
    %assign/vec4 v0x56526b55f020_0, 0;
    %pushi/vec4 8, 0, 6;
    %assign/vec4 v0x56526b55f100_0, 0;
    %load/vec4 v0x56526b55ea40_0;
    %assign/vec4 v0x56526b55eb20_0, 0;
    %load/vec4 v0x56526b55e8a0_0;
    %flag_set/vec4 8;
    %jmp/0xz  T_1.11, 8;
    %pushi/vec4 1, 0, 3;
    %assign/vec4 v0x56526b55ee60_0, 0;
    %pushi/vec4 0, 0, 6;
    %assign/vec4 v0x56526b55ed80_0, 0;
T_1.11 ;
    %jmp T_1.10;
T_1.3 ;
    %load/vec4 v0x56526b55ed80_0;
    %pad/u 32;
    %cmpi/u 8, 0, 32;
    %flag_or 5, 4;
    %jmp/0xz  T_1.13, 5;
    %load/vec4 v0x56526b55ea40_0;
    %load/vec4 v0x56526b55ed80_0;
    %pad/u 32;
    %muli 8, 0, 32;
    %muli 8, 0, 32;
    %addi 0, 0, 32;
    %part/u 8;
    %ix/load 3, 0, 0;
    %flag_set/imm 4, 0;
    %ix/load 4, 0, 0; Constant delay
    %assign/vec4/a/d v0x56526b55e6d0, 0, 4;
    %load/vec4 v0x56526b55ea40_0;
    %load/vec4 v0x56526b55ed80_0;
    %pad/u 32;
    %muli 8, 0, 32;
    %muli 8, 0, 32;
    %addi 8, 0, 32;
    %part/u 8;
    %ix/load 3, 1, 0;
    %flag_set/imm 4, 0;
    %ix/load 4, 0, 0; Constant delay
    %assign/vec4/a/d v0x56526b55e6d0, 0, 4;
    %load/vec4 v0x56526b55ea40_0;
    %load/vec4 v0x56526b55ed80_0;
    %pad/u 32;
    %muli 8, 0, 32;
    %muli 8, 0, 32;
    %addi 16, 0, 32;
    %part/u 8;
    %ix/load 3, 2, 0;
    %flag_set/imm 4, 0;
    %ix/load 4, 0, 0; Constant delay
    %assign/vec4/a/d v0x56526b55e6d0, 0, 4;
    %load/vec4 v0x56526b55ea40_0;
    %load/vec4 v0x56526b55ed80_0;
    %pad/u 32;
    %muli 8, 0, 32;
    %muli 8, 0, 32;
    %addi 24, 0, 32;
    %part/u 8;
    %ix/load 3, 3, 0;
    %flag_set/imm 4, 0;
    %ix/load 4, 0, 0; Constant delay
    %assign/vec4/a/d v0x56526b55e6d0, 0, 4;
    %load/vec4 v0x56526b55ea40_0;
    %load/vec4 v0x56526b55ed80_0;
    %pad/u 32;
    %muli 8, 0, 32;
    %muli 8, 0, 32;
    %addi 32, 0, 32;
    %part/u 8;
    %ix/load 3, 4, 0;
    %flag_set/imm 4, 0;
    %ix/load 4, 0, 0; Constant delay
    %assign/vec4/a/d v0x56526b55e6d0, 0, 4;
    %load/vec4 v0x56526b55ea40_0;
    %load/vec4 v0x56526b55ed80_0;
    %pad/u 32;
    %muli 8, 0, 32;
    %muli 8, 0, 32;
    %addi 40, 0, 32;
    %part/u 8;
    %ix/load 3, 5, 0;
    %flag_set/imm 4, 0;
    %ix/load 4, 0, 0; Constant delay
    %assign/vec4/a/d v0x56526b55e6d0, 0, 4;
    %load/vec4 v0x56526b55ea40_0;
    %load/vec4 v0x56526b55ed80_0;
    %pad/u 32;
    %muli 8, 0, 32;
    %muli 8, 0, 32;
    %addi 48, 0, 32;
    %part/u 8;
    %ix/load 3, 6, 0;
    %flag_set/imm 4, 0;
    %ix/load 4, 0, 0; Constant delay
    %assign/vec4/a/d v0x56526b55e6d0, 0, 4;
    %load/vec4 v0x56526b55ea40_0;
    %load/vec4 v0x56526b55ed80_0;
    %pad/u 32;
    %muli 8, 0, 32;
    %muli 8, 0, 32;
    %addi 56, 0, 32;
    %part/u 8;
    %ix/load 3, 7, 0;
    %flag_set/imm 4, 0;
    %ix/load 4, 0, 0; Constant delay
    %assign/vec4/a/d v0x56526b55e6d0, 0, 4;
    %pushi/vec4 2, 0, 3;
    %assign/vec4 v0x56526b55ee60_0, 0;
    %jmp T_1.14;
T_1.13 ;
    %pushi/vec4 0, 0, 3;
    %assign/vec4 v0x56526b55ee60_0, 0;
T_1.14 ;
    %jmp T_1.10;
T_1.4 ;
    %load/vec4 v0x56526b55ef40_0;
    %dup/vec4;
    %pushi/vec4 0, 0, 3;
    %cmp/u;
    %jmp/1 T_1.15, 6;
    %dup/vec4;
    %pushi/vec4 1, 0, 3;
    %cmp/u;
    %jmp/1 T_1.16, 6;
    %dup/vec4;
    %pushi/vec4 2, 0, 3;
    %cmp/u;
    %jmp/1 T_1.17, 6;
    %dup/vec4;
    %pushi/vec4 3, 0, 3;
    %cmp/u;
    %jmp/1 T_1.18, 6;
    %dup/vec4;
    %pushi/vec4 4, 0, 3;
    %cmp/u;
    %jmp/1 T_1.19, 6;
    %dup/vec4;
    %pushi/vec4 5, 0, 3;
    %cmp/u;
    %jmp/1 T_1.20, 6;
    %pushi/vec4 0, 0, 3;
    %assign/vec4 v0x56526b55ef40_0, 0;
    %jmp T_1.22;
T_1.15 ;
    %ix/load 4, 1, 0;
    %flag_set/imm 4, 0;
    %load/vec4a v0x56526b55e6d0, 4;
    %ix/load 4, 0, 0;
    %flag_set/imm 4, 0;
    %load/vec4a v0x56526b55e6d0, 4;
    %cmp/u;
    %jmp/0xz  T_1.23, 5;
    %ix/load 4, 1, 0;
    %flag_set/imm 4, 0;
    %load/vec4a v0x56526b55e6d0, 4;
    %ix/load 3, 0, 0;
    %flag_set/imm 4, 0;
    %ix/load 4, 0, 0; Constant delay
    %assign/vec4/a/d v0x56526b55e6d0, 0, 4;
    %ix/load 4, 0, 0;
    %flag_set/imm 4, 0;
    %load/vec4a v0x56526b55e6d0, 4;
    %ix/load 3, 1, 0;
    %flag_set/imm 4, 0;
    %ix/load 4, 0, 0; Constant delay
    %assign/vec4/a/d v0x56526b55e6d0, 0, 4;
T_1.23 ;
    %ix/load 4, 2, 0;
    %flag_set/imm 4, 0;
    %load/vec4a v0x56526b55e6d0, 4;
    %ix/load 4, 3, 0;
    %flag_set/imm 4, 0;
    %load/vec4a v0x56526b55e6d0, 4;
    %cmp/u;
    %jmp/0xz  T_1.25, 5;
    %ix/load 4, 3, 0;
    %flag_set/imm 4, 0;
    %load/vec4a v0x56526b55e6d0, 4;
    %ix/load 3, 2, 0;
    %flag_set/imm 4, 0;
    %ix/load 4, 0, 0; Constant delay
    %assign/vec4/a/d v0x56526b55e6d0, 0, 4;
    %ix/load 4, 2, 0;
    %flag_set/imm 4, 0;
    %load/vec4a v0x56526b55e6d0, 4;
    %ix/load 3, 3, 0;
    %flag_set/imm 4, 0;
    %ix/load 4, 0, 0; Constant delay
    %assign/vec4/a/d v0x56526b55e6d0, 0, 4;
T_1.25 ;
    %ix/load 4, 5, 0;
    %flag_set/imm 4, 0;
    %load/vec4a v0x56526b55e6d0, 4;
    %ix/load 4, 4, 0;
    %flag_set/imm 4, 0;
    %load/vec4a v0x56526b55e6d0, 4;
    %cmp/u;
    %jmp/0xz  T_1.27, 5;
    %ix/load 4, 5, 0;
    %flag_set/imm 4, 0;
    %load/vec4a v0x56526b55e6d0, 4;
    %ix/load 3, 4, 0;
    %flag_set/imm 4, 0;
    %ix/load 4, 0, 0; Constant delay
    %assign/vec4/a/d v0x56526b55e6d0, 0, 4;
    %ix/load 4, 4, 0;
    %flag_set/imm 4, 0;
    %load/vec4a v0x56526b55e6d0, 4;
    %ix/load 3, 5, 0;
    %flag_set/imm 4, 0;
    %ix/load 4, 0, 0; Constant delay
    %assign/vec4/a/d v0x56526b55e6d0, 0, 4;
T_1.27 ;
    %ix/load 4, 6, 0;
    %flag_set/imm 4, 0;
    %load/vec4a v0x56526b55e6d0, 4;
    %ix/load 4, 7, 0;
    %flag_set/imm 4, 0;
    %load/vec4a v0x56526b55e6d0, 4;
    %cmp/u;
    %jmp/0xz  T_1.29, 5;
    %ix/load 4, 7, 0;
    %flag_set/imm 4, 0;
    %load/vec4a v0x56526b55e6d0, 4;
    %ix/load 3, 6, 0;
    %flag_set/imm 4, 0;
    %ix/load 4, 0, 0; Constant delay
    %assign/vec4/a/d v0x56526b55e6d0, 0, 4;
    %ix/load 4, 6, 0;
    %flag_set/imm 4, 0;
    %load/vec4a v0x56526b55e6d0, 4;
    %ix/load 3, 7, 0;
    %flag_set/imm 4, 0;
    %ix/load 4, 0, 0; Constant delay
    %assign/vec4/a/d v0x56526b55e6d0, 0, 4;
T_1.29 ;
    %load/vec4 v0x56526b55ef40_0;
    %addi 1, 0, 3;
    %assign/vec4 v0x56526b55ef40_0, 0;
    %jmp T_1.22;
T_1.16 ;
    %ix/load 4, 2, 0;
    %flag_set/imm 4, 0;
    %load/vec4a v0x56526b55e6d0, 4;
    %ix/load 4, 0, 0;
    %flag_set/imm 4, 0;
    %load/vec4a v0x56526b55e6d0, 4;
    %cmp/u;
    %jmp/0xz  T_1.31, 5;
    %ix/load 4, 2, 0;
    %flag_set/imm 4, 0;
    %load/vec4a v0x56526b55e6d0, 4;
    %ix/load 3, 0, 0;
    %flag_set/imm 4, 0;
    %ix/load 4, 0, 0; Constant delay
    %assign/vec4/a/d v0x56526b55e6d0, 0, 4;
    %ix/load 4, 0, 0;
    %flag_set/imm 4, 0;
    %load/vec4a v0x56526b55e6d0, 4;
    %ix/load 3, 2, 0;
    %flag_set/imm 4, 0;
    %ix/load 4, 0, 0; Constant delay
    %assign/vec4/a/d v0x56526b55e6d0, 0, 4;
T_1.31 ;
    %ix/load 4, 3, 0;
    %flag_set/imm 4, 0;
    %load/vec4a v0x56526b55e6d0, 4;
    %ix/load 4, 1, 0;
    %flag_set/imm 4, 0;
    %load/vec4a v0x56526b55e6d0, 4;
    %cmp/u;
    %jmp/0xz  T_1.33, 5;
    %ix/load 4, 3, 0;
    %flag_set/imm 4, 0;
    %load/vec4a v0x56526b55e6d0, 4;
    %ix/load 3, 1, 0;
    %flag_set/imm 4, 0;
    %ix/load 4, 0, 0; Constant delay
    %assign/vec4/a/d v0x56526b55e6d0, 0, 4;
    %ix/load 4, 1, 0;
    %flag_set/imm 4, 0;
    %load/vec4a v0x56526b55e6d0, 4;
    %ix/load 3, 3, 0;
    %flag_set/imm 4, 0;
    %ix/load 4, 0, 0; Constant delay
    %assign/vec4/a/d v0x56526b55e6d0, 0, 4;
T_1.33 ;
    %ix/load 4, 4, 0;
    %flag_set/imm 4, 0;
    %load/vec4a v0x56526b55e6d0, 4;
    %ix/load 4, 6, 0;
    %flag_set/imm 4, 0;
    %load/vec4a v0x56526b55e6d0, 4;
    %cmp/u;
    %jmp/0xz  T_1.35, 5;
    %ix/load 4, 6, 0;
    %flag_set/imm 4, 0;
    %load/vec4a v0x56526b55e6d0, 4;
    %ix/load 3, 4, 0;
    %flag_set/imm 4, 0;
    %ix/load 4, 0, 0; Constant delay
    %assign/vec4/a/d v0x56526b55e6d0, 0, 4;
    %ix/load 4, 4, 0;
    %flag_set/imm 4, 0;
    %load/vec4a v0x56526b55e6d0, 4;
    %ix/load 3, 6, 0;
    %flag_set/imm 4, 0;
    %ix/load 4, 0, 0; Constant delay
    %assign/vec4/a/d v0x56526b55e6d0, 0, 4;
T_1.35 ;
    %ix/load 4, 5, 0;
    %flag_set/imm 4, 0;
    %load/vec4a v0x56526b55e6d0, 4;
    %ix/load 4, 7, 0;
    %flag_set/imm 4, 0;
    %load/vec4a v0x56526b55e6d0, 4;
    %cmp/u;
    %jmp/0xz  T_1.37, 5;
    %ix/load 4, 7, 0;
    %flag_set/imm 4, 0;
    %load/vec4a v0x56526b55e6d0, 4;
    %ix/load 3, 5, 0;
    %flag_set/imm 4, 0;
    %ix/load 4, 0, 0; Constant delay
    %assign/vec4/a/d v0x56526b55e6d0, 0, 4;
    %ix/load 4, 5, 0;
    %flag_set/imm 4, 0;
    %load/vec4a v0x56526b55e6d0, 4;
    %ix/load 3, 7, 0;
    %flag_set/imm 4, 0;
    %ix/load 4, 0, 0; Constant delay
    %assign/vec4/a/d v0x56526b55e6d0, 0, 4;
T_1.37 ;
    %load/vec4 v0x56526b55ef40_0;
    %addi 1, 0, 3;
    %assign/vec4 v0x56526b55ef40_0, 0;
    %jmp T_1.22;
T_1.17 ;
    %ix/load 4, 1, 0;
    %flag_set/imm 4, 0;
    %load/vec4a v0x56526b55e6d0, 4;
    %ix/load 4, 0, 0;
    %flag_set/imm 4, 0;
    %load/vec4a v0x56526b55e6d0, 4;
    %cmp/u;
    %jmp/0xz  T_1.39, 5;
    %ix/load 4, 1, 0;
    %flag_set/imm 4, 0;
    %load/vec4a v0x56526b55e6d0, 4;
    %ix/load 3, 0, 0;
    %flag_set/imm 4, 0;
    %ix/load 4, 0, 0; Constant delay
    %assign/vec4/a/d v0x56526b55e6d0, 0, 4;
    %ix/load 4, 0, 0;
    %flag_set/imm 4, 0;
    %load/vec4a v0x56526b55e6d0, 4;
    %ix/load 3, 1, 0;
    %flag_set/imm 4, 0;
    %ix/load 4, 0, 0; Constant delay
    %assign/vec4/a/d v0x56526b55e6d0, 0, 4;
T_1.39 ;
    %ix/load 4, 3, 0;
    %flag_set/imm 4, 0;
    %load/vec4a v0x56526b55e6d0, 4;
    %ix/load 4, 2, 0;
    %flag_set/imm 4, 0;
    %load/vec4a v0x56526b55e6d0, 4;
    %cmp/u;
    %jmp/0xz  T_1.41, 5;
    %ix/load 4, 3, 0;
    %flag_set/imm 4, 0;
    %load/vec4a v0x56526b55e6d0, 4;
    %ix/load 3, 2, 0;
    %flag_set/imm 4, 0;
    %ix/load 4, 0, 0; Constant delay
    %assign/vec4/a/d v0x56526b55e6d0, 0, 4;
    %ix/load 4, 2, 0;
    %flag_set/imm 4, 0;
    %load/vec4a v0x56526b55e6d0, 4;
    %ix/load 3, 3, 0;
    %flag_set/imm 4, 0;
    %ix/load 4, 0, 0; Constant delay
    %assign/vec4/a/d v0x56526b55e6d0, 0, 4;
T_1.41 ;
    %ix/load 4, 4, 0;
    %flag_set/imm 4, 0;
    %load/vec4a v0x56526b55e6d0, 4;
    %ix/load 4, 5, 0;
    %flag_set/imm 4, 0;
    %load/vec4a v0x56526b55e6d0, 4;
    %cmp/u;
    %jmp/0xz  T_1.43, 5;
    %ix/load 4, 5, 0;
    %flag_set/imm 4, 0;
    %load/vec4a v0x56526b55e6d0, 4;
    %ix/load 3, 4, 0;
    %flag_set/imm 4, 0;
    %ix/load 4, 0, 0; Constant delay
    %assign/vec4/a/d v0x56526b55e6d0, 0, 4;
    %ix/load 4, 4, 0;
    %flag_set/imm 4, 0;
    %load/vec4a v0x56526b55e6d0, 4;
    %ix/load 3, 5, 0;
    %flag_set/imm 4, 0;
    %ix/load 4, 0, 0; Constant delay
    %assign/vec4/a/d v0x56526b55e6d0, 0, 4;
T_1.43 ;
    %ix/load 4, 6, 0;
    %flag_set/imm 4, 0;
    %load/vec4a v0x56526b55e6d0, 4;
    %ix/load 4, 7, 0;
    %flag_set/imm 4, 0;
    %load/vec4a v0x56526b55e6d0, 4;
    %cmp/u;
    %jmp/0xz  T_1.45, 5;
    %ix/load 4, 7, 0;
    %flag_set/imm 4, 0;
    %load/vec4a v0x56526b55e6d0, 4;
    %ix/load 3, 6, 0;
    %flag_set/imm 4, 0;
    %ix/load 4, 0, 0; Constant delay
    %assign/vec4/a/d v0x56526b55e6d0, 0, 4;
    %ix/load 4, 6, 0;
    %flag_set/imm 4, 0;
    %load/vec4a v0x56526b55e6d0, 4;
    %ix/load 3, 7, 0;
    %flag_set/imm 4, 0;
    %ix/load 4, 0, 0; Constant delay
    %assign/vec4/a/d v0x56526b55e6d0, 0, 4;
T_1.45 ;
    %load/vec4 v0x56526b55ef40_0;
    %addi 1, 0, 3;
    %assign/vec4 v0x56526b55ef40_0, 0;
    %jmp T_1.22;
T_1.18 ;
    %load/vec4 v0x56526b55ed80_0;
    %pad/u 32;
    %pushi/vec4 2, 0, 32;
    %mod;
    %cmpi/e 0, 0, 32;
    %jmp/0xz  T_1.47, 4;
    %ix/load 4, 4, 0;
    %flag_set/imm 4, 0;
    %load/vec4a v0x56526b55e6d0, 4;
    %ix/load 4, 0, 0;
    %flag_set/imm 4, 0;
    %load/vec4a v0x56526b55e6d0, 4;
    %cmp/u;
    %jmp/0xz  T_1.49, 5;
    %ix/load 4, 4, 0;
    %flag_set/imm 4, 0;
    %load/vec4a v0x56526b55e6d0, 4;
    %ix/load 3, 0, 0;
    %flag_set/imm 4, 0;
    %ix/load 4, 0, 0; Constant delay
    %assign/vec4/a/d v0x56526b55e6d0, 0, 4;
    %ix/load 4, 0, 0;
    %flag_set/imm 4, 0;
    %load/vec4a v0x56526b55e6d0, 4;
    %ix/load 3, 4, 0;
    %flag_set/imm 4, 0;
    %ix/load 4, 0, 0; Constant delay
    %assign/vec4/a/d v0x56526b55e6d0, 0, 4;
T_1.49 ;
    %ix/load 4, 5, 0;
    %flag_set/imm 4, 0;
    %load/vec4a v0x56526b55e6d0, 4;
    %ix/load 4, 1, 0;
    %flag_set/imm 4, 0;
    %load/vec4a v0x56526b55e6d0, 4;
    %cmp/u;
    %jmp/0xz  T_1.51, 5;
    %ix/load 4, 5, 0;
    %flag_set/imm 4, 0;
    %load/vec4a v0x56526b55e6d0, 4;
    %ix/load 3, 1, 0;
    %flag_set/imm 4, 0;
    %ix/load 4, 0, 0; Constant delay
    %assign/vec4/a/d v0x56526b55e6d0, 0, 4;
    %ix/load 4, 1, 0;
    %flag_set/imm 4, 0;
    %load/vec4a v0x56526b55e6d0, 4;
    %ix/load 3, 5, 0;
    %flag_set/imm 4, 0;
    %ix/load 4, 0, 0; Constant delay
    %assign/vec4/a/d v0x56526b55e6d0, 0, 4;
T_1.51 ;
    %ix/load 4, 6, 0;
    %flag_set/imm 4, 0;
    %load/vec4a v0x56526b55e6d0, 4;
    %ix/load 4, 2, 0;
    %flag_set/imm 4, 0;
    %load/vec4a v0x56526b55e6d0, 4;
    %cmp/u;
    %jmp/0xz  T_1.53, 5;
    %ix/load 4, 6, 0;
    %flag_set/imm 4, 0;
    %load/vec4a v0x56526b55e6d0, 4;
    %ix/load 3, 2, 0;
    %flag_set/imm 4, 0;
    %ix/load 4, 0, 0; Constant delay
    %assign/vec4/a/d v0x56526b55e6d0, 0, 4;
    %ix/load 4, 2, 0;
    %flag_set/imm 4, 0;
    %load/vec4a v0x56526b55e6d0, 4;
    %ix/load 3, 6, 0;
    %flag_set/imm 4, 0;
    %ix/load 4, 0, 0; Constant delay
    %assign/vec4/a/d v0x56526b55e6d0, 0, 4;
T_1.53 ;
    %ix/load 4, 7, 0;
    %flag_set/imm 4, 0;
    %load/vec4a v0x56526b55e6d0, 4;
    %ix/load 4, 3, 0;
    %flag_set/imm 4, 0;
    %load/vec4a v0x56526b55e6d0, 4;
    %cmp/u;
    %jmp/0xz  T_1.55, 5;
    %ix/load 4, 7, 0;
    %flag_set/imm 4, 0;
    %load/vec4a v0x56526b55e6d0, 4;
    %ix/load 3, 3, 0;
    %flag_set/imm 4, 0;
    %ix/load 4, 0, 0; Constant delay
    %assign/vec4/a/d v0x56526b55e6d0, 0, 4;
    %ix/load 4, 3, 0;
    %flag_set/imm 4, 0;
    %load/vec4a v0x56526b55e6d0, 4;
    %ix/load 3, 7, 0;
    %flag_set/imm 4, 0;
    %ix/load 4, 0, 0; Constant delay
    %assign/vec4/a/d v0x56526b55e6d0, 0, 4;
T_1.55 ;
    %jmp T_1.48;
T_1.47 ;
    %ix/load 4, 0, 0;
    %flag_set/imm 4, 0;
    %load/vec4a v0x56526b55e6d0, 4;
    %ix/load 4, 4, 0;
    %flag_set/imm 4, 0;
    %load/vec4a v0x56526b55e6d0, 4;
    %cmp/u;
    %jmp/0xz  T_1.57, 5;
    %ix/load 4, 4, 0;
    %flag_set/imm 4, 0;
    %load/vec4a v0x56526b55e6d0, 4;
    %ix/load 3, 0, 0;
    %flag_set/imm 4, 0;
    %ix/load 4, 0, 0; Constant delay
    %assign/vec4/a/d v0x56526b55e6d0, 0, 4;
    %ix/load 4, 0, 0;
    %flag_set/imm 4, 0;
    %load/vec4a v0x56526b55e6d0, 4;
    %ix/load 3, 4, 0;
    %flag_set/imm 4, 0;
    %ix/load 4, 0, 0; Constant delay
    %assign/vec4/a/d v0x56526b55e6d0, 0, 4;
T_1.57 ;
    %ix/load 4, 1, 0;
    %flag_set/imm 4, 0;
    %load/vec4a v0x56526b55e6d0, 4;
    %ix/load 4, 5, 0;
    %flag_set/imm 4, 0;
    %load/vec4a v0x56526b55e6d0, 4;
    %cmp/u;
    %jmp/0xz  T_1.59, 5;
    %ix/load 4, 5, 0;
    %flag_set/imm 4, 0;
    %load/vec4a v0x56526b55e6d0, 4;
    %ix/load 3, 1, 0;
    %flag_set/imm 4, 0;
    %ix/load 4, 0, 0; Constant delay
    %assign/vec4/a/d v0x56526b55e6d0, 0, 4;
    %ix/load 4, 1, 0;
    %flag_set/imm 4, 0;
    %load/vec4a v0x56526b55e6d0, 4;
    %ix/load 3, 5, 0;
    %flag_set/imm 4, 0;
    %ix/load 4, 0, 0; Constant delay
    %assign/vec4/a/d v0x56526b55e6d0, 0, 4;
T_1.59 ;
    %ix/load 4, 2, 0;
    %flag_set/imm 4, 0;
    %load/vec4a v0x56526b55e6d0, 4;
    %ix/load 4, 6, 0;
    %flag_set/imm 4, 0;
    %load/vec4a v0x56526b55e6d0, 4;
    %cmp/u;
    %jmp/0xz  T_1.61, 5;
    %ix/load 4, 6, 0;
    %flag_set/imm 4, 0;
    %load/vec4a v0x56526b55e6d0, 4;
    %ix/load 3, 2, 0;
    %flag_set/imm 4, 0;
    %ix/load 4, 0, 0; Constant delay
    %assign/vec4/a/d v0x56526b55e6d0, 0, 4;
    %ix/load 4, 2, 0;
    %flag_set/imm 4, 0;
    %load/vec4a v0x56526b55e6d0, 4;
    %ix/load 3, 6, 0;
    %flag_set/imm 4, 0;
    %ix/load 4, 0, 0; Constant delay
    %assign/vec4/a/d v0x56526b55e6d0, 0, 4;
T_1.61 ;
    %ix/load 4, 3, 0;
    %flag_set/imm 4, 0;
    %load/vec4a v0x56526b55e6d0, 4;
    %ix/load 4, 7, 0;
    %flag_set/imm 4, 0;
    %load/vec4a v0x56526b55e6d0, 4;
    %cmp/u;
    %jmp/0xz  T_1.63, 5;
    %ix/load 4, 7, 0;
    %flag_set/imm 4, 0;
    %load/vec4a v0x56526b55e6d0, 4;
    %ix/load 3, 3, 0;
    %flag_set/imm 4, 0;
    %ix/load 4, 0, 0; Constant delay
    %assign/vec4/a/d v0x56526b55e6d0, 0, 4;
    %ix/load 4, 3, 0;
    %flag_set/imm 4, 0;
    %load/vec4a v0x56526b55e6d0, 4;
    %ix/load 3, 7, 0;
    %flag_set/imm 4, 0;
    %ix/load 4, 0, 0; Constant delay
    %assign/vec4/a/d v0x56526b55e6d0, 0, 4;
T_1.63 ;
T_1.48 ;
    %load/vec4 v0x56526b55ef40_0;
    %addi 1, 0, 3;
    %assign/vec4 v0x56526b55ef40_0, 0;
    %jmp T_1.22;
T_1.19 ;
    %load/vec4 v0x56526b55ed80_0;
    %pad/u 32;
    %pushi/vec4 2, 0, 32;
    %mod;
    %cmpi/e 0, 0, 32;
    %jmp/0xz  T_1.65, 4;
    %ix/load 4, 2, 0;
    %flag_set/imm 4, 0;
    %load/vec4a v0x56526b55e6d0, 4;
    %ix/load 4, 0, 0;
    %flag_set/imm 4, 0;
    %load/vec4a v0x56526b55e6d0, 4;
    %cmp/u;
    %jmp/0xz  T_1.67, 5;
    %ix/load 4, 2, 0;
    %flag_set/imm 4, 0;
    %load/vec4a v0x56526b55e6d0, 4;
    %ix/load 3, 0, 0;
    %flag_set/imm 4, 0;
    %ix/load 4, 0, 0; Constant delay
    %assign/vec4/a/d v0x56526b55e6d0, 0, 4;
    %ix/load 4, 0, 0;
    %flag_set/imm 4, 0;
    %load/vec4a v0x56526b55e6d0, 4;
    %ix/load 3, 2, 0;
    %flag_set/imm 4, 0;
    %ix/load 4, 0, 0; Constant delay
    %assign/vec4/a/d v0x56526b55e6d0, 0, 4;
T_1.67 ;
    %ix/load 4, 3, 0;
    %flag_set/imm 4, 0;
    %load/vec4a v0x56526b55e6d0, 4;
    %ix/load 4, 1, 0;
    %flag_set/imm 4, 0;
    %load/vec4a v0x56526b55e6d0, 4;
    %cmp/u;
    %jmp/0xz  T_1.69, 5;
    %ix/load 4, 3, 0;
    %flag_set/imm 4, 0;
    %load/vec4a v0x56526b55e6d0, 4;
    %ix/load 3, 1, 0;
    %flag_set/imm 4, 0;
    %ix/load 4, 0, 0; Constant delay
    %assign/vec4/a/d v0x56526b55e6d0, 0, 4;
    %ix/load 4, 1, 0;
    %flag_set/imm 4, 0;
    %load/vec4a v0x56526b55e6d0, 4;
    %ix/load 3, 3, 0;
    %flag_set/imm 4, 0;
    %ix/load 4, 0, 0; Constant delay
    %assign/vec4/a/d v0x56526b55e6d0, 0, 4;
T_1.69 ;
    %ix/load 4, 6, 0;
    %flag_set/imm 4, 0;
    %load/vec4a v0x56526b55e6d0, 4;
    %ix/load 4, 4, 0;
    %flag_set/imm 4, 0;
    %load/vec4a v0x56526b55e6d0, 4;
    %cmp/u;
    %jmp/0xz  T_1.71, 5;
    %ix/load 4, 6, 0;
    %flag_set/imm 4, 0;
    %load/vec4a v0x56526b55e6d0, 4;
    %ix/load 3, 4, 0;
    %flag_set/imm 4, 0;
    %ix/load 4, 0, 0; Constant delay
    %assign/vec4/a/d v0x56526b55e6d0, 0, 4;
    %ix/load 4, 4, 0;
    %flag_set/imm 4, 0;
    %load/vec4a v0x56526b55e6d0, 4;
    %ix/load 3, 6, 0;
    %flag_set/imm 4, 0;
    %ix/load 4, 0, 0; Constant delay
    %assign/vec4/a/d v0x56526b55e6d0, 0, 4;
T_1.71 ;
    %ix/load 4, 7, 0;
    %flag_set/imm 4, 0;
    %load/vec4a v0x56526b55e6d0, 4;
    %ix/load 4, 5, 0;
    %flag_set/imm 4, 0;
    %load/vec4a v0x56526b55e6d0, 4;
    %cmp/u;
    %jmp/0xz  T_1.73, 5;
    %ix/load 4, 7, 0;
    %flag_set/imm 4, 0;
    %load/vec4a v0x56526b55e6d0, 4;
    %ix/load 3, 5, 0;
    %flag_set/imm 4, 0;
    %ix/load 4, 0, 0; Constant delay
    %assign/vec4/a/d v0x56526b55e6d0, 0, 4;
    %ix/load 4, 5, 0;
    %flag_set/imm 4, 0;
    %load/vec4a v0x56526b55e6d0, 4;
    %ix/load 3, 7, 0;
    %flag_set/imm 4, 0;
    %ix/load 4, 0, 0; Constant delay
    %assign/vec4/a/d v0x56526b55e6d0, 0, 4;
T_1.73 ;
    %jmp T_1.66;
T_1.65 ;
    %ix/load 4, 0, 0;
    %flag_set/imm 4, 0;
    %load/vec4a v0x56526b55e6d0, 4;
    %ix/load 4, 2, 0;
    %flag_set/imm 4, 0;
    %load/vec4a v0x56526b55e6d0, 4;
    %cmp/u;
    %jmp/0xz  T_1.75, 5;
    %ix/load 4, 2, 0;
    %flag_set/imm 4, 0;
    %load/vec4a v0x56526b55e6d0, 4;
    %ix/load 3, 0, 0;
    %flag_set/imm 4, 0;
    %ix/load 4, 0, 0; Constant delay
    %assign/vec4/a/d v0x56526b55e6d0, 0, 4;
    %ix/load 4, 0, 0;
    %flag_set/imm 4, 0;
    %load/vec4a v0x56526b55e6d0, 4;
    %ix/load 3, 2, 0;
    %flag_set/imm 4, 0;
    %ix/load 4, 0, 0; Constant delay
    %assign/vec4/a/d v0x56526b55e6d0, 0, 4;
T_1.75 ;
    %ix/load 4, 1, 0;
    %flag_set/imm 4, 0;
    %load/vec4a v0x56526b55e6d0, 4;
    %ix/load 4, 3, 0;
    %flag_set/imm 4, 0;
    %load/vec4a v0x56526b55e6d0, 4;
    %cmp/u;
    %jmp/0xz  T_1.77, 5;
    %ix/load 4, 3, 0;
    %flag_set/imm 4, 0;
    %load/vec4a v0x56526b55e6d0, 4;
    %ix/load 3, 1, 0;
    %flag_set/imm 4, 0;
    %ix/load 4, 0, 0; Constant delay
    %assign/vec4/a/d v0x56526b55e6d0, 0, 4;
    %ix/load 4, 1, 0;
    %flag_set/imm 4, 0;
    %load/vec4a v0x56526b55e6d0, 4;
    %ix/load 3, 3, 0;
    %flag_set/imm 4, 0;
    %ix/load 4, 0, 0; Constant delay
    %assign/vec4/a/d v0x56526b55e6d0, 0, 4;
T_1.77 ;
    %ix/load 4, 4, 0;
    %flag_set/imm 4, 0;
    %load/vec4a v0x56526b55e6d0, 4;
    %ix/load 4, 6, 0;
    %flag_set/imm 4, 0;
    %load/vec4a v0x56526b55e6d0, 4;
    %cmp/u;
    %jmp/0xz  T_1.79, 5;
    %ix/load 4, 6, 0;
    %flag_set/imm 4, 0;
    %load/vec4a v0x56526b55e6d0, 4;
    %ix/load 3, 4, 0;
    %flag_set/imm 4, 0;
    %ix/load 4, 0, 0; Constant delay
    %assign/vec4/a/d v0x56526b55e6d0, 0, 4;
    %ix/load 4, 4, 0;
    %flag_set/imm 4, 0;
    %load/vec4a v0x56526b55e6d0, 4;
    %ix/load 3, 6, 0;
    %flag_set/imm 4, 0;
    %ix/load 4, 0, 0; Constant delay
    %assign/vec4/a/d v0x56526b55e6d0, 0, 4;
T_1.79 ;
    %ix/load 4, 5, 0;
    %flag_set/imm 4, 0;
    %load/vec4a v0x56526b55e6d0, 4;
    %ix/load 4, 7, 0;
    %flag_set/imm 4, 0;
    %load/vec4a v0x56526b55e6d0, 4;
    %cmp/u;
    %jmp/0xz  T_1.81, 5;
    %ix/load 4, 7, 0;
    %flag_set/imm 4, 0;
    %load/vec4a v0x56526b55e6d0, 4;
    %ix/load 3, 5, 0;
    %flag_set/imm 4, 0;
    %ix/load 4, 0, 0; Constant delay
    %assign/vec4/a/d v0x56526b55e6d0, 0, 4;
    %ix/load 4, 5, 0;
    %flag_set/imm 4, 0;
    %load/vec4a v0x56526b55e6d0, 4;
    %ix/load 3, 7, 0;
    %flag_set/imm 4, 0;
    %ix/load 4, 0, 0; Constant delay
    %assign/vec4/a/d v0x56526b55e6d0, 0, 4;
T_1.81 ;
T_1.66 ;
    %load/vec4 v0x56526b55ef40_0;
    %addi 1, 0, 3;
    %assign/vec4 v0x56526b55ef40_0, 0;
    %jmp T_1.22;
T_1.20 ;
    %load/vec4 v0x56526b55ed80_0;
    %pad/u 32;
    %pushi/vec4 2, 0, 32;
    %mod;
    %cmpi/e 0, 0, 32;
    %jmp/0xz  T_1.83, 4;
    %ix/load 4, 1, 0;
    %flag_set/imm 4, 0;
    %load/vec4a v0x56526b55e6d0, 4;
    %ix/load 4, 0, 0;
    %flag_set/imm 4, 0;
    %load/vec4a v0x56526b55e6d0, 4;
    %cmp/u;
    %jmp/0xz  T_1.85, 5;
    %ix/load 4, 1, 0;
    %flag_set/imm 4, 0;
    %load/vec4a v0x56526b55e6d0, 4;
    %ix/load 3, 0, 0;
    %flag_set/imm 4, 0;
    %ix/load 4, 0, 0; Constant delay
    %assign/vec4/a/d v0x56526b55e6d0, 0, 4;
    %ix/load 4, 0, 0;
    %flag_set/imm 4, 0;
    %load/vec4a v0x56526b55e6d0, 4;
    %ix/load 3, 1, 0;
    %flag_set/imm 4, 0;
    %ix/load 4, 0, 0; Constant delay
    %assign/vec4/a/d v0x56526b55e6d0, 0, 4;
T_1.85 ;
    %ix/load 4, 3, 0;
    %flag_set/imm 4, 0;
    %load/vec4a v0x56526b55e6d0, 4;
    %ix/load 4, 2, 0;
    %flag_set/imm 4, 0;
    %load/vec4a v0x56526b55e6d0, 4;
    %cmp/u;
    %jmp/0xz  T_1.87, 5;
    %ix/load 4, 3, 0;
    %flag_set/imm 4, 0;
    %load/vec4a v0x56526b55e6d0, 4;
    %ix/load 3, 2, 0;
    %flag_set/imm 4, 0;
    %ix/load 4, 0, 0; Constant delay
    %assign/vec4/a/d v0x56526b55e6d0, 0, 4;
    %ix/load 4, 2, 0;
    %flag_set/imm 4, 0;
    %load/vec4a v0x56526b55e6d0, 4;
    %ix/load 3, 3, 0;
    %flag_set/imm 4, 0;
    %ix/load 4, 0, 0; Constant delay
    %assign/vec4/a/d v0x56526b55e6d0, 0, 4;
T_1.87 ;
    %ix/load 4, 5, 0;
    %flag_set/imm 4, 0;
    %load/vec4a v0x56526b55e6d0, 4;
    %ix/load 4, 4, 0;
    %flag_set/imm 4, 0;
    %load/vec4a v0x56526b55e6d0, 4;
    %cmp/u;
    %jmp/0xz  T_1.89, 5;
    %ix/load 4, 5, 0;
    %flag_set/imm 4, 0;
    %load/vec4a v0x56526b55e6d0, 4;
    %ix/load 3, 4, 0;
    %flag_set/imm 4, 0;
    %ix/load 4, 0, 0; Constant delay
    %assign/vec4/a/d v0x56526b55e6d0, 0, 4;
    %ix/load 4, 4, 0;
    %flag_set/imm 4, 0;
    %load/vec4a v0x56526b55e6d0, 4;
    %ix/load 3, 5, 0;
    %flag_set/imm 4, 0;
    %ix/load 4, 0, 0; Constant delay
    %assign/vec4/a/d v0x56526b55e6d0, 0, 4;
T_1.89 ;
    %ix/load 4, 7, 0;
    %flag_set/imm 4, 0;
    %load/vec4a v0x56526b55e6d0, 4;
    %ix/load 4, 6, 0;
    %flag_set/imm 4, 0;
    %load/vec4a v0x56526b55e6d0, 4;
    %cmp/u;
    %jmp/0xz  T_1.91, 5;
    %ix/load 4, 7, 0;
    %flag_set/imm 4, 0;
    %load/vec4a v0x56526b55e6d0, 4;
    %ix/load 3, 6, 0;
    %flag_set/imm 4, 0;
    %ix/load 4, 0, 0; Constant delay
    %assign/vec4/a/d v0x56526b55e6d0, 0, 4;
    %ix/load 4, 6, 0;
    %flag_set/imm 4, 0;
    %load/vec4a v0x56526b55e6d0, 4;
    %ix/load 3, 7, 0;
    %flag_set/imm 4, 0;
    %ix/load 4, 0, 0; Constant delay
    %assign/vec4/a/d v0x56526b55e6d0, 0, 4;
T_1.91 ;
    %jmp T_1.84;
T_1.83 ;
    %ix/load 4, 0, 0;
    %flag_set/imm 4, 0;
    %load/vec4a v0x56526b55e6d0, 4;
    %ix/load 4, 1, 0;
    %flag_set/imm 4, 0;
    %load/vec4a v0x56526b55e6d0, 4;
    %cmp/u;
    %jmp/0xz  T_1.93, 5;
    %ix/load 4, 1, 0;
    %flag_set/imm 4, 0;
    %load/vec4a v0x56526b55e6d0, 4;
    %ix/load 3, 0, 0;
    %flag_set/imm 4, 0;
    %ix/load 4, 0, 0; Constant delay
    %assign/vec4/a/d v0x56526b55e6d0, 0, 4;
    %ix/load 4, 0, 0;
    %flag_set/imm 4, 0;
    %load/vec4a v0x56526b55e6d0, 4;
    %ix/load 3, 1, 0;
    %flag_set/imm 4, 0;
    %ix/load 4, 0, 0; Constant delay
    %assign/vec4/a/d v0x56526b55e6d0, 0, 4;
T_1.93 ;
    %ix/load 4, 2, 0;
    %flag_set/imm 4, 0;
    %load/vec4a v0x56526b55e6d0, 4;
    %ix/load 4, 3, 0;
    %flag_set/imm 4, 0;
    %load/vec4a v0x56526b55e6d0, 4;
    %cmp/u;
    %jmp/0xz  T_1.95, 5;
    %ix/load 4, 3, 0;
    %flag_set/imm 4, 0;
    %load/vec4a v0x56526b55e6d0, 4;
    %ix/load 3, 2, 0;
    %flag_set/imm 4, 0;
    %ix/load 4, 0, 0; Constant delay
    %assign/vec4/a/d v0x56526b55e6d0, 0, 4;
    %ix/load 4, 2, 0;
    %flag_set/imm 4, 0;
    %load/vec4a v0x56526b55e6d0, 4;
    %ix/load 3, 3, 0;
    %flag_set/imm 4, 0;
    %ix/load 4, 0, 0; Constant delay
    %assign/vec4/a/d v0x56526b55e6d0, 0, 4;
T_1.95 ;
    %ix/load 4, 4, 0;
    %flag_set/imm 4, 0;
    %load/vec4a v0x56526b55e6d0, 4;
    %ix/load 4, 5, 0;
    %flag_set/imm 4, 0;
    %load/vec4a v0x56526b55e6d0, 4;
    %cmp/u;
    %jmp/0xz  T_1.97, 5;
    %ix/load 4, 5, 0;
    %flag_set/imm 4, 0;
    %load/vec4a v0x56526b55e6d0, 4;
    %ix/load 3, 4, 0;
    %flag_set/imm 4, 0;
    %ix/load 4, 0, 0; Constant delay
    %assign/vec4/a/d v0x56526b55e6d0, 0, 4;
    %ix/load 4, 4, 0;
    %flag_set/imm 4, 0;
    %load/vec4a v0x56526b55e6d0, 4;
    %ix/load 3, 5, 0;
    %flag_set/imm 4, 0;
    %ix/load 4, 0, 0; Constant delay
    %assign/vec4/a/d v0x56526b55e6d0, 0, 4;
T_1.97 ;
    %ix/load 4, 6, 0;
    %flag_set/imm 4, 0;
    %load/vec4a v0x56526b55e6d0, 4;
    %ix/load 4, 7, 0;
    %flag_set/imm 4, 0;
    %load/vec4a v0x56526b55e6d0, 4;
    %cmp/u;
    %jmp/0xz  T_1.99, 5;
    %ix/load 4, 7, 0;
    %flag_set/imm 4, 0;
    %load/vec4a v0x56526b55e6d0, 4;
    %ix/load 3, 6, 0;
    %flag_set/imm 4, 0;
    %ix/load 4, 0, 0; Constant delay
    %assign/vec4/a/d v0x56526b55e6d0, 0, 4;
    %ix/load 4, 6, 0;
    %flag_set/imm 4, 0;
    %load/vec4a v0x56526b55e6d0, 4;
    %ix/load 3, 7, 0;
    %flag_set/imm 4, 0;
    %ix/load 4, 0, 0; Constant delay
    %assign/vec4/a/d v0x56526b55e6d0, 0, 4;
T_1.99 ;
T_1.84 ;
    %pushi/vec4 0, 0, 3;
    %assign/vec4 v0x56526b55ef40_0, 0;
    %pushi/vec4 3, 0, 3;
    %assign/vec4 v0x56526b55ee60_0, 0;
    %jmp T_1.22;
T_1.22 ;
    %pop/vec4 1;
    %jmp T_1.10;
T_1.5 ;
    %load/vec4 v0x56526b55ed80_0;
    %pad/u 32;
    %cmpi/e 7, 0, 32;
    %jmp/0xz  T_1.101, 4;
    %ix/load 4, 0, 0;
    %flag_set/imm 4, 0;
    %load/vec4a v0x56526b55e6d0, 4;
    %ix/load 5, 0, 0;
    %load/vec4 v0x56526b55ed80_0;
    %pad/u 32;
    %muli 8, 0, 32;
    %muli 8, 0, 32;
    %addi 0, 0, 32;
    %ix/vec4 4;
    %assign/vec4/off/d v0x56526b55eb20_0, 4, 5;
    %ix/load 4, 1, 0;
    %flag_set/imm 4, 0;
    %load/vec4a v0x56526b55e6d0, 4;
    %ix/load 5, 0, 0;
    %load/vec4 v0x56526b55ed80_0;
    %pad/u 32;
    %muli 8, 0, 32;
    %muli 8, 0, 32;
    %addi 8, 0, 32;
    %ix/vec4 4;
    %assign/vec4/off/d v0x56526b55eb20_0, 4, 5;
    %ix/load 4, 2, 0;
    %flag_set/imm 4, 0;
    %load/vec4a v0x56526b55e6d0, 4;
    %ix/load 5, 0, 0;
    %load/vec4 v0x56526b55ed80_0;
    %pad/u 32;
    %muli 8, 0, 32;
    %muli 8, 0, 32;
    %addi 16, 0, 32;
    %ix/vec4 4;
    %assign/vec4/off/d v0x56526b55eb20_0, 4, 5;
    %ix/load 4, 3, 0;
    %flag_set/imm 4, 0;
    %load/vec4a v0x56526b55e6d0, 4;
    %ix/load 5, 0, 0;
    %load/vec4 v0x56526b55ed80_0;
    %pad/u 32;
    %muli 8, 0, 32;
    %muli 8, 0, 32;
    %addi 24, 0, 32;
    %ix/vec4 4;
    %assign/vec4/off/d v0x56526b55eb20_0, 4, 5;
    %ix/load 4, 4, 0;
    %flag_set/imm 4, 0;
    %load/vec4a v0x56526b55e6d0, 4;
    %ix/load 5, 0, 0;
    %load/vec4 v0x56526b55ed80_0;
    %pad/u 32;
    %muli 8, 0, 32;
    %muli 8, 0, 32;
    %addi 32, 0, 32;
    %ix/vec4 4;
    %assign/vec4/off/d v0x56526b55eb20_0, 4, 5;
    %ix/load 4, 5, 0;
    %flag_set/imm 4, 0;
    %load/vec4a v0x56526b55e6d0, 4;
    %ix/load 5, 0, 0;
    %load/vec4 v0x56526b55ed80_0;
    %pad/u 32;
    %muli 8, 0, 32;
    %muli 8, 0, 32;
    %addi 40, 0, 32;
    %ix/vec4 4;
    %assign/vec4/off/d v0x56526b55eb20_0, 4, 5;
    %ix/load 4, 6, 0;
    %flag_set/imm 4, 0;
    %load/vec4a v0x56526b55e6d0, 4;
    %ix/load 5, 0, 0;
    %load/vec4 v0x56526b55ed80_0;
    %pad/u 32;
    %muli 8, 0, 32;
    %muli 8, 0, 32;
    %addi 48, 0, 32;
    %ix/vec4 4;
    %assign/vec4/off/d v0x56526b55eb20_0, 4, 5;
    %ix/load 4, 7, 0;
    %flag_set/imm 4, 0;
    %load/vec4a v0x56526b55e6d0, 4;
    %ix/load 5, 0, 0;
    %load/vec4 v0x56526b55ed80_0;
    %pad/u 32;
    %muli 8, 0, 32;
    %muli 8, 0, 32;
    %addi 56, 0, 32;
    %ix/vec4 4;
    %assign/vec4/off/d v0x56526b55eb20_0, 4, 5;
    %pushi/vec4 4, 0, 3;
    %assign/vec4 v0x56526b55ee60_0, 0;
    %pushi/vec4 0, 0, 6;
    %assign/vec4 v0x56526b55ed80_0, 0;
    %pushi/vec4 8, 0, 6;
    %assign/vec4 v0x56526b55f020_0, 0;
    %pushi/vec4 0, 0, 6;
    %assign/vec4 v0x56526b55e960_0, 0;
    %pushi/vec4 16, 0, 7;
    %assign/vec4 v0x56526b55e5f0_0, 0;
    %jmp T_1.102;
T_1.101 ;
    %load/vec4 v0x56526b55ed80_0;
    %pad/u 32;
    %cmpi/u 8, 0, 32;
    %jmp/0xz  T_1.103, 5;
    %ix/load 4, 0, 0;
    %flag_set/imm 4, 0;
    %load/vec4a v0x56526b55e6d0, 4;
    %ix/load 5, 0, 0;
    %load/vec4 v0x56526b55ed80_0;
    %pad/u 32;
    %muli 8, 0, 32;
    %muli 8, 0, 32;
    %addi 0, 0, 32;
    %ix/vec4 4;
    %assign/vec4/off/d v0x56526b55eb20_0, 4, 5;
    %ix/load 4, 1, 0;
    %flag_set/imm 4, 0;
    %load/vec4a v0x56526b55e6d0, 4;
    %ix/load 5, 0, 0;
    %load/vec4 v0x56526b55ed80_0;
    %pad/u 32;
    %muli 8, 0, 32;
    %muli 8, 0, 32;
    %addi 8, 0, 32;
    %ix/vec4 4;
    %assign/vec4/off/d v0x56526b55eb20_0, 4, 5;
    %ix/load 4, 2, 0;
    %flag_set/imm 4, 0;
    %load/vec4a v0x56526b55e6d0, 4;
    %ix/load 5, 0, 0;
    %load/vec4 v0x56526b55ed80_0;
    %pad/u 32;
    %muli 8, 0, 32;
    %muli 8, 0, 32;
    %addi 16, 0, 32;
    %ix/vec4 4;
    %assign/vec4/off/d v0x56526b55eb20_0, 4, 5;
    %ix/load 4, 3, 0;
    %flag_set/imm 4, 0;
    %load/vec4a v0x56526b55e6d0, 4;
    %ix/load 5, 0, 0;
    %load/vec4 v0x56526b55ed80_0;
    %pad/u 32;
    %muli 8, 0, 32;
    %muli 8, 0, 32;
    %addi 24, 0, 32;
    %ix/vec4 4;
    %assign/vec4/off/d v0x56526b55eb20_0, 4, 5;
    %ix/load 4, 4, 0;
    %flag_set/imm 4, 0;
    %load/vec4a v0x56526b55e6d0, 4;
    %ix/load 5, 0, 0;
    %load/vec4 v0x56526b55ed80_0;
    %pad/u 32;
    %muli 8, 0, 32;
    %muli 8, 0, 32;
    %addi 32, 0, 32;
    %ix/vec4 4;
    %assign/vec4/off/d v0x56526b55eb20_0, 4, 5;
    %ix/load 4, 5, 0;
    %flag_set/imm 4, 0;
    %load/vec4a v0x56526b55e6d0, 4;
    %ix/load 5, 0, 0;
    %load/vec4 v0x56526b55ed80_0;
    %pad/u 32;
    %muli 8, 0, 32;
    %muli 8, 0, 32;
    %addi 40, 0, 32;
    %ix/vec4 4;
    %assign/vec4/off/d v0x56526b55eb20_0, 4, 5;
    %ix/load 4, 6, 0;
    %flag_set/imm 4, 0;
    %load/vec4a v0x56526b55e6d0, 4;
    %ix/load 5, 0, 0;
    %load/vec4 v0x56526b55ed80_0;
    %pad/u 32;
    %muli 8, 0, 32;
    %muli 8, 0, 32;
    %addi 48, 0, 32;
    %ix/vec4 4;
    %assign/vec4/off/d v0x56526b55eb20_0, 4, 5;
    %ix/load 4, 7, 0;
    %flag_set/imm 4, 0;
    %load/vec4a v0x56526b55e6d0, 4;
    %ix/load 5, 0, 0;
    %load/vec4 v0x56526b55ed80_0;
    %pad/u 32;
    %muli 8, 0, 32;
    %muli 8, 0, 32;
    %addi 56, 0, 32;
    %ix/vec4 4;
    %assign/vec4/off/d v0x56526b55eb20_0, 4, 5;
    %pushi/vec4 1, 0, 3;
    %assign/vec4 v0x56526b55ee60_0, 0;
    %load/vec4 v0x56526b55ed80_0;
    %addi 1, 0, 6;
    %assign/vec4 v0x56526b55ed80_0, 0;
    %jmp T_1.104;
T_1.103 ;
    %pushi/vec4 110, 0, 512;
    %assign/vec4 v0x56526b55eb20_0, 0;
    %pushi/vec4 7, 0, 3;
    %assign/vec4 v0x56526b55ee60_0, 0;
T_1.104 ;
T_1.102 ;
    %jmp T_1.10;
T_1.6 ;
    %load/vec4 v0x56526b53e5e0_0;
    %pad/u 32;
    %pushi/vec4 64, 0, 32;
    %cmp/e;
    %flag_get/vec4 4;
    %load/vec4 v0x56526b55e440_0;
    %pad/u 32;
    %pushi/vec4 1, 0, 32;
    %cmp/e;
    %flag_get/vec4 4;
    %or;
    %flag_set/vec4 8;
    %jmp/0xz  T_1.105, 8;
    %load/vec4 v0x56526b55f020_0;
    %pad/u 32;
    %cmpi/e 32, 0, 32;
    %jmp/0xz  T_1.107, 4;
    %pushi/vec4 5, 0, 3;
    %assign/vec4 v0x56526b55ee60_0, 0;
    %jmp T_1.108;
T_1.107 ;
    %load/vec4 v0x56526b55f100_0;
    %muli 2, 0, 6;
    %assign/vec4 v0x56526b55f020_0, 0;
    %load/vec4 v0x56526b55f100_0;
    %muli 2, 0, 6;
    %assign/vec4 v0x56526b55f100_0, 0;
    %pushi/vec4 4, 0, 3;
    %assign/vec4 v0x56526b55ee60_0, 0;
    %pushi/vec4 0, 0, 6;
    %assign/vec4 v0x56526b55e960_0, 0;
    %load/vec4 v0x56526b55f100_0;
    %pad/u 7;
    %muli 4, 0, 7;
    %assign/vec4 v0x56526b55e5f0_0, 0;
    %pushi/vec4 1, 0, 1;
    %assign/vec4 v0x56526b55ec00_0, 0;
    %pushi/vec4 0, 0, 6;
    %assign/vec4 v0x56526b55ed80_0, 0;
    %load/vec4 v0x56526b55e440_0;
    %pad/u 32;
    %pushi/vec4 2, 0, 32;
    %div;
    %pad/u 7;
    %assign/vec4 v0x56526b53e5e0_0, 0;
    %load/vec4 v0x56526b55e440_0;
    %pad/u 32;
    %pushi/vec4 2, 0, 32;
    %div;
    %pad/u 7;
    %assign/vec4 v0x56526b55e440_0, 0;
T_1.108 ;
    %jmp T_1.106;
T_1.105 ;
    %load/vec4 v0x56526b55f020_0;
    %pad/u 7;
    %load/vec4 v0x56526b55e960_0;
    %pad/u 7;
    %add;
    %load/vec4 v0x56526b55e5f0_0;
    %cmp/u;
    %flag_get/vec4 5;
    %load/vec4 v0x56526b55e5f0_0;
    %pad/u 32;
    %cmpi/u 64, 0, 32;
    %flag_get/vec4 4;
    %flag_get/vec4 5;
    %or;
    %and;
    %load/vec4 v0x56526b55ed80_0;
    %pad/u 7;
    %load/vec4 v0x56526b53e5e0_0;
    %cmp/u;
    %flag_get/vec4 5;
    %and;
    %flag_set/vec4 8;
    %jmp/0xz  T_1.109, 8;
    %load/vec4 v0x56526b55ec00_0;
    %flag_set/vec4 8;
    %jmp/0xz  T_1.111, 8;
    %load/vec4 v0x56526b55eb20_0;
    %load/vec4 v0x56526b55e960_0;
    %pad/u 32;
    %load/vec4 v0x56526b55f020_0;
    %pad/u 32;
    %add;
    %muli 8, 0, 32;
    %part/u 8;
    %load/vec4 v0x56526b55eb20_0;
    %load/vec4 v0x56526b55e960_0;
    %pad/u 32;
    %muli 8, 0, 32;
    %part/u 8;
    %cmp/u;
    %jmp/0xz  T_1.113, 5;
    %load/vec4 v0x56526b55eb20_0;
    %load/vec4 v0x56526b55e960_0;
    %pad/u 32;
    %load/vec4 v0x56526b55f020_0;
    %pad/u 32;
    %add;
    %muli 8, 0, 32;
    %part/u 8;
    %ix/load 5, 0, 0;
    %load/vec4 v0x56526b55e960_0;
    %pad/u 32;
    %muli 8, 0, 32;
    %ix/vec4 4;
    %assign/vec4/off/d v0x56526b55eb20_0, 4, 5;
    %load/vec4 v0x56526b55eb20_0;
    %load/vec4 v0x56526b55e960_0;
    %pad/u 32;
    %muli 8, 0, 32;
    %part/u 8;
    %ix/load 5, 0, 0;
    %load/vec4 v0x56526b55e960_0;
    %pad/u 32;
    %load/vec4 v0x56526b55f020_0;
    %pad/u 32;
    %add;
    %muli 8, 0, 32;
    %ix/vec4 4;
    %assign/vec4/off/d v0x56526b55eb20_0, 4, 5;
T_1.113 ;
    %jmp T_1.112;
T_1.111 ;
    %load/vec4 v0x56526b55eb20_0;
    %load/vec4 v0x56526b55e960_0;
    %pad/u 32;
    %muli 8, 0, 32;
    %part/u 8;
    %load/vec4 v0x56526b55eb20_0;
    %load/vec4 v0x56526b55e960_0;
    %pad/u 32;
    %load/vec4 v0x56526b55f020_0;
    %pad/u 32;
    %add;
    %muli 8, 0, 32;
    %part/u 8;
    %cmp/u;
    %jmp/0xz  T_1.115, 5;
    %load/vec4 v0x56526b55eb20_0;
    %load/vec4 v0x56526b55e960_0;
    %pad/u 32;
    %load/vec4 v0x56526b55f020_0;
    %pad/u 32;
    %add;
    %muli 8, 0, 32;
    %part/u 8;
    %ix/load 5, 0, 0;
    %load/vec4 v0x56526b55e960_0;
    %pad/u 32;
    %muli 8, 0, 32;
    %ix/vec4 4;
    %assign/vec4/off/d v0x56526b55eb20_0, 4, 5;
    %load/vec4 v0x56526b55eb20_0;
    %load/vec4 v0x56526b55e960_0;
    %pad/u 32;
    %muli 8, 0, 32;
    %part/u 8;
    %ix/load 5, 0, 0;
    %load/vec4 v0x56526b55e960_0;
    %pad/u 32;
    %load/vec4 v0x56526b55f020_0;
    %pad/u 32;
    %add;
    %muli 8, 0, 32;
    %ix/vec4 4;
    %assign/vec4/off/d v0x56526b55eb20_0, 4, 5;
T_1.115 ;
T_1.112 ;
    %load/vec4 v0x56526b55e5f0_0;
    %pad/u 32;
    %subi 1, 0, 32;
    %load/vec4 v0x56526b55f020_0;
    %pad/u 32;
    %load/vec4 v0x56526b55e960_0;
    %pad/u 32;
    %add;
    %cmp/u;
    %flag_or 5, 4;
    %jmp/0xz  T_1.117, 5;
    %load/vec4 v0x56526b55e5f0_0;
    %pad/u 6;
    %assign/vec4 v0x56526b55e960_0, 0;
    %load/vec4 v0x56526b55e5f0_0;
    %load/vec4 v0x56526b55f020_0;
    %pad/u 7;
    %muli 2, 0, 7;
    %add;
    %assign/vec4 v0x56526b55e5f0_0, 0;
    %load/vec4 v0x56526b55ed80_0;
    %addi 1, 0, 6;
    %store/vec4 v0x56526b55ed80_0, 0, 6;
    %load/vec4 v0x56526b53e5e0_0;
    %pad/u 32;
    %cmpi/e 2, 0, 32;
    %jmp/0xz  T_1.119, 4;
    %load/vec4 v0x56526b55ed80_0;
    %pad/u 32;
    %cmpi/e 0, 0, 32;
    %jmp/0xz  T_1.121, 4;
    %pushi/vec4 1, 0, 1;
    %assign/vec4 v0x56526b55ec00_0, 0;
    %jmp T_1.122;
T_1.121 ;
    %pushi/vec4 0, 0, 1;
    %assign/vec4 v0x56526b55ec00_0, 0;
T_1.122 ;
    %jmp T_1.120;
T_1.119 ;
    %load/vec4 v0x56526b55ed80_0;
    %pad/u 32;
    %load/vec4 v0x56526b53e5e0_0;
    %pad/u 32;
    %muli 2, 0, 32;
    %load/vec4 v0x56526b55e440_0;
    %pad/u 32;
    %div;
    %mod;
    %load/vec4 v0x56526b53e5e0_0;
    %pad/u 32;
    %load/vec4 v0x56526b55e440_0;
    %pad/u 32;
    %div;
    %cmp/u;
    %jmp/0xz  T_1.123, 5;
    %pushi/vec4 1, 0, 1;
    %assign/vec4 v0x56526b55ec00_0, 0;
    %jmp T_1.124;
T_1.123 ;
    %pushi/vec4 0, 0, 1;
    %assign/vec4 v0x56526b55ec00_0, 0;
T_1.124 ;
T_1.120 ;
    %pushi/vec4 4, 0, 3;
    %assign/vec4 v0x56526b55ee60_0, 0;
    %jmp T_1.118;
T_1.117 ;
    %load/vec4 v0x56526b55e960_0;
    %addi 1, 0, 6;
    %store/vec4 v0x56526b55e960_0, 0, 6;
    %pushi/vec4 4, 0, 3;
    %assign/vec4 v0x56526b55ee60_0, 0;
T_1.118 ;
    %jmp T_1.110;
T_1.109 ;
    %pushi/vec4 4, 0, 3;
    %assign/vec4 v0x56526b55ee60_0, 0;
    %pushi/vec4 0, 0, 6;
    %assign/vec4 v0x56526b55e960_0, 0;
    %pushi/vec4 1, 0, 1;
    %assign/vec4 v0x56526b55ec00_0, 0;
    %load/vec4 v0x56526b55f020_0;
    %pad/u 32;
    %pushi/vec4 2, 0, 32;
    %div;
    %pad/u 6;
    %assign/vec4 v0x56526b55f020_0, 0;
    %load/vec4 v0x56526b55f020_0;
    %pad/u 7;
    %assign/vec4 v0x56526b55e5f0_0, 0;
    %pushi/vec4 0, 0, 6;
    %assign/vec4 v0x56526b55ed80_0, 0;
    %load/vec4 v0x56526b53e5e0_0;
    %muli 2, 0, 7;
    %assign/vec4 v0x56526b53e5e0_0, 0;
T_1.110 ;
T_1.106 ;
    %jmp T_1.10;
T_1.7 ;
    %load/vec4 v0x56526b55f020_0;
    %pad/u 32;
    %cmpi/e 1, 0, 32;
    %jmp/0xz  T_1.125, 4;
    %pushi/vec4 7, 0, 3;
    %assign/vec4 v0x56526b55ee60_0, 0;
    %pushi/vec4 1, 0, 1;
    %assign/vec4 v0x56526b55e7e0_0, 0;
    %jmp T_1.126;
T_1.125 ;
    %load/vec4 v0x56526b55f020_0;
    %pad/u 32;
    %load/vec4 v0x56526b55e960_0;
    %pad/u 32;
    %add;
    %cmpi/u 64, 0, 32;
    %jmp/0xz  T_1.127, 5;
    %load/vec4 v0x56526b55eb20_0;
    %load/vec4 v0x56526b55e960_0;
    %pad/u 32;
    %load/vec4 v0x56526b55f020_0;
    %pad/u 32;
    %add;
    %muli 8, 0, 32;
    %part/u 8;
    %load/vec4 v0x56526b55eb20_0;
    %load/vec4 v0x56526b55e960_0;
    %pad/u 32;
    %muli 8, 0, 32;
    %part/u 8;
    %cmp/u;
    %jmp/0xz  T_1.129, 5;
    %load/vec4 v0x56526b55eb20_0;
    %load/vec4 v0x56526b55e960_0;
    %pad/u 32;
    %load/vec4 v0x56526b55f020_0;
    %pad/u 32;
    %add;
    %muli 8, 0, 32;
    %part/u 8;
    %ix/load 5, 0, 0;
    %load/vec4 v0x56526b55e960_0;
    %pad/u 32;
    %muli 8, 0, 32;
    %ix/vec4 4;
    %assign/vec4/off/d v0x56526b55eb20_0, 4, 5;
    %load/vec4 v0x56526b55eb20_0;
    %load/vec4 v0x56526b55e960_0;
    %pad/u 32;
    %muli 8, 0, 32;
    %part/u 8;
    %ix/load 5, 0, 0;
    %load/vec4 v0x56526b55e960_0;
    %pad/u 32;
    %load/vec4 v0x56526b55f020_0;
    %pad/u 32;
    %add;
    %muli 8, 0, 32;
    %ix/vec4 4;
    %assign/vec4/off/d v0x56526b55eb20_0, 4, 5;
T_1.129 ;
    %load/vec4 v0x56526b55e5f0_0;
    %pad/u 32;
    %subi 1, 0, 32;
    %load/vec4 v0x56526b55f020_0;
    %pad/u 32;
    %load/vec4 v0x56526b55e960_0;
    %pad/u 32;
    %add;
    %cmp/u;
    %flag_or 5, 4;
    %jmp/0xz  T_1.131, 5;
    %load/vec4 v0x56526b55e5f0_0;
    %pad/u 6;
    %assign/vec4 v0x56526b55e960_0, 0;
    %load/vec4 v0x56526b55e5f0_0;
    %muli 2, 0, 7;
    %assign/vec4 v0x56526b55e5f0_0, 0;
    %jmp T_1.132;
T_1.131 ;
    %load/vec4 v0x56526b55e960_0;
    %addi 1, 0, 6;
    %store/vec4 v0x56526b55e960_0, 0, 6;
    %pushi/vec4 5, 0, 3;
    %assign/vec4 v0x56526b55ee60_0, 0;
T_1.132 ;
    %jmp T_1.128;
T_1.127 ;
    %pushi/vec4 5, 0, 3;
    %assign/vec4 v0x56526b55ee60_0, 0;
    %pushi/vec4 0, 0, 6;
    %assign/vec4 v0x56526b55e960_0, 0;
    %load/vec4 v0x56526b55f020_0;
    %pad/u 32;
    %pushi/vec4 2, 0, 32;
    %div;
    %pad/u 6;
    %assign/vec4 v0x56526b55f020_0, 0;
    %load/vec4 v0x56526b55f020_0;
    %pad/u 7;
    %assign/vec4 v0x56526b55e5f0_0, 0;
T_1.128 ;
T_1.126 ;
    %jmp T_1.10;
T_1.8 ;
    %pushi/vec4 7, 0, 3;
    %assign/vec4 v0x56526b55ee60_0, 0;
    %jmp T_1.10;
T_1.10 ;
    %pop/vec4 1;
T_1.1 ;
    %jmp T_1;
    .thread T_1;
# The file index is used to find the file name in the following table.
:file_names 3;
    "N/A";
    "<interactive>";
    "/home/dhinesh/Files/Bitonic-Sorting-In-Verilog/bitonicSortScalable.v";
